0 info it worked if it ends with ok
1 verbose cli [ 'C:\\Program Files\\nodejs\\node.exe',
1 verbose cli   'C:\\Program Files\\nodejs\\node_modules\\npm\\bin\\npm-cli.js',
1 verbose cli   'install',
1 verbose cli   'hynsmodule' ]
2 info using npm@3.10.10
3 info using node@v6.10.0
4 silly loadCurrentTree Starting
5 silly install loadCurrentTree
6 silly install readLocalPackageData
7 silly fetchPackageMetaData hynsmodule
8 silly fetchNamedPackageData hynsmodule
9 silly mapToRegistry name hynsmodule
10 silly mapToRegistry using default registry
11 silly mapToRegistry registry https://registry.npmjs.org/
12 silly mapToRegistry data Result {
12 silly mapToRegistry   raw: 'hynsmodule',
12 silly mapToRegistry   scope: null,
12 silly mapToRegistry   escapedName: 'hynsmodule',
12 silly mapToRegistry   name: 'hynsmodule',
12 silly mapToRegistry   rawSpec: '',
12 silly mapToRegistry   spec: 'latest',
12 silly mapToRegistry   type: 'tag' }
13 silly mapToRegistry uri https://registry.npmjs.org/hynsmodule
14 verbose request uri https://registry.npmjs.org/hynsmodule
15 verbose request no auth needed
16 info attempt registry request try #1 at 11:05:08
17 verbose request using bearer token for auth
18 verbose request id 908d5008ab68f763
19 http request GET https://registry.npmjs.org/hynsmodule
20 info retry will retry, error on last attempt: Error: connect ETIMEDOUT 151.101.24.162:443
21 info attempt registry request try #2 at 11:05:39
22 verbose request using bearer token for auth
23 http request GET https://registry.npmjs.org/hynsmodule
24 http 200 https://registry.npmjs.org/hynsmodule
25 verbose headers { server: 'nginx/1.10.1',
25 verbose headers   'content-type': 'application/json',
25 verbose headers   'last-modified': 'Thu, 02 Mar 2017 03:04:47 GMT',
25 verbose headers   etag: 'W/"58b78bcf-469"',
25 verbose headers   'content-encoding': 'gzip',
25 verbose headers   'cache-control': 'max-age=300',
25 verbose headers   'transfer-encoding': 'chunked',
25 verbose headers   'accept-ranges': 'bytes',
25 verbose headers   date: 'Thu, 02 Mar 2017 03:05:45 GMT',
25 verbose headers   via: '1.1 varnish',
25 verbose headers   connection: 'keep-alive',
25 verbose headers   'x-served-by': 'cache-lax8629-LAX',
25 verbose headers   'x-cache': 'MISS',
25 verbose headers   'x-cache-hits': '0',
25 verbose headers   'x-timer': 'S1488423944.975246,VS0,VE30',
25 verbose headers   vary: 'Accept-Encoding' }
26 silly get cb [ 200,
26 silly get   { server: 'nginx/1.10.1',
26 silly get     'content-type': 'application/json',
26 silly get     'last-modified': 'Thu, 02 Mar 2017 03:04:47 GMT',
26 silly get     etag: 'W/"58b78bcf-469"',
26 silly get     'content-encoding': 'gzip',
26 silly get     'cache-control': 'max-age=300',
26 silly get     'transfer-encoding': 'chunked',
26 silly get     'accept-ranges': 'bytes',
26 silly get     date: 'Thu, 02 Mar 2017 03:05:45 GMT',
26 silly get     via: '1.1 varnish',
26 silly get     connection: 'keep-alive',
26 silly get     'x-served-by': 'cache-lax8629-LAX',
26 silly get     'x-cache': 'MISS',
26 silly get     'x-cache-hits': '0',
26 silly get     'x-timer': 'S1488423944.975246,VS0,VE30',
26 silly get     vary: 'Accept-Encoding' } ]
27 verbose get saving hynsmodule to C:\Users\Administrator\AppData\Roaming\npm-cache\registry.npmjs.org\hynsmodule\.cache.json
28 verbose correctMkdir C:\Users\Administrator\AppData\Roaming\npm-cache correctMkdir not in flight; initializing
29 silly install normalizeTree
30 silly loadCurrentTree Finishing
31 silly loadIdealTree Starting
32 silly install loadIdealTree
33 silly cloneCurrentTree Starting
34 silly install cloneCurrentTreeToIdealTree
35 silly cloneCurrentTree Finishing
36 silly loadShrinkwrap Starting
37 silly install loadShrinkwrap
38 silly loadShrinkwrap Finishing
39 silly loadAllDepsIntoIdealTree Starting
40 silly install loadAllDepsIntoIdealTree
41 silly rollbackFailedOptional Starting
42 silly rollbackFailedOptional Finishing
43 silly runTopLevelLifecycles Finishing
44 silly install printInstalled
45 verbose stack Error: Refusing to install hynsmodule as a dependency of itself
45 verbose stack     at checkSelf (C:\Program Files\nodejs\node_modules\npm\lib\install\validate-args.js:53:14)
45 verbose stack     at Array.<anonymous> (C:\Program Files\nodejs\node_modules\npm\node_modules\slide\lib\bind-actor.js:15:8)
45 verbose stack     at LOOP (C:\Program Files\nodejs\node_modules\npm\node_modules\slide\lib\chain.js:15:14)
45 verbose stack     at chain (C:\Program Files\nodejs\node_modules\npm\node_modules\slide\lib\chain.js:20:5)
45 verbose stack     at C:\Program Files\nodejs\node_modules\npm\lib\install\validate-args.js:16:5
45 verbose stack     at C:\Program Files\nodejs\node_modules\npm\node_modules\slide\lib\async-map.js:52:35
45 verbose stack     at Array.forEach (native)
45 verbose stack     at C:\Program Files\nodejs\node_modules\npm\node_modules\slide\lib\async-map.js:52:11
45 verbose stack     at Array.forEach (native)
45 verbose stack     at asyncMap (C:\Program Files\nodejs\node_modules\npm\node_modules\slide\lib\async-map.js:51:8)
46 verbose cwd C:\Users\Administrator\hynsmodule
47 error Windows_NT 10.0.14393
48 error argv "C:\\Program Files\\nodejs\\node.exe" "C:\\Program Files\\nodejs\\node_modules\\npm\\bin\\npm-cli.js" "install" "hynsmodule"
49 error node v6.10.0
50 error npm  v3.10.10
51 error code ENOSELF
52 error Refusing to install hynsmodule as a dependency of itself
53 error If you need help, you may report this error at:
53 error     <https://github.com/npm/npm/issues>
54 verbose exit [ 1, true ]
